# JRE version: Java(TM) SE Runtime Environment (19.0.2+7) (build 19.0.2+7-44)
# Java VM: Java HotSpot(TM) 64-Bit Server VM (19.0.2+7-44, mixed mode, sharing, tiered, compressed oops, compressed class ptrs, g1 gc, windows-amd64)
GC Precious Log:
 CardTable entry size: 512
 Card Set container configuration: InlinePtr #cards 5 size 8 Array Of Cards #cards 12 size 40 Howl #buckets 4 coarsen threshold 1843 Howl Bitmap #cards 512 size 80 coarsen threshold 460 Card regions per heap region 1 cards per card region 2048
 CPUs: 8 total, 8 available
 Memory: 8073M
 Large Page Support: Disabled
 NUMA Support: Disabled
 Compressed Oops: Enabled (32-bit)
 Heap Region Size: 1M
 Heap Min Capacity: 8M
 Heap Initial Capacity: 128M
 Heap Max Capacity: 2020M
 Pre-touch: Disabled
 Parallel Workers: 8
 Concurrent Workers: 2
 Concurrent Refinement Workers: 8
 Periodic GC: Disabled
Heap:
 garbage-first heap   total 66560K, used 44652K [0x0000000081c00000, 0x0000000100000000)
  region size 1024K, 22 young (22528K), 3 survivors (3072K)
 Metaspace       used 70385K, committed 71232K, reserved 1114112K
  class space    used 9009K, committed 9408K, reserved 1048576K
GC Heap History (20 events):
Event: 152.710 GC heap before
{Heap before GC invocations=36 (full 3):
 garbage-first heap   total 66560K, used 50721K [0x0000000081c00000, 0x0000000100000000)
  region size 1024K, 26 young (26624K), 0 survivors (0K)
 Metaspace       used 68975K, committed 69696K, reserved 1114112K
  class space    used 8951K, committed 9280K, reserved 1048576K
}
Event: 152.712 GC heap after
{Heap after GC invocations=37 (full 3):
 garbage-first heap   total 66560K, used 26718K [0x0000000081c00000, 0x0000000100000000)
  region size 1024K, 3 young (3072K), 3 survivors (3072K)
 Metaspace       used 68975K, committed 69696K, reserved 1114112K
  class space    used 8951K, committed 9280K, reserved 1048576K
}
Event: 153.180 GC heap before
{Heap before GC invocations=37 (full 3):
 garbage-first heap   total 66560K, used 49246K [0x0000000081c00000, 0x0000000100000000)
  region size 1024K, 26 young (26624K), 3 survivors (3072K)
 Metaspace       used 69302K, committed 70080K, reserved 1114112K
  class space    used 8964K, committed 9344K, reserved 1048576K
}
Event: 153.184 GC heap after
{Heap after GC invocations=38 (full 3):
 garbage-first heap   total 66560K, used 28640K [0x0000000081c00000, 0x0000000100000000)
  region size 1024K, 3 young (3072K), 3 survivors (3072K)
 Metaspace       used 69302K, committed 70080K, reserved 1114112K
  class space    used 8964K, committed 9344K, reserved 1048576K
}
Event: 242.116 GC heap before
{Heap before GC invocations=38 (full 3):
 garbage-first heap   total 66560K, used 34784K [0x0000000081c00000, 0x0000000100000000)
  region size 1024K, 10 young (10240K), 3 survivors (3072K)
 Metaspace       used 69348K, committed 70144K, reserved 1114112K
  class space    used 8966K, committed 9344K, reserved 1048576K
}
Event: 242.153 GC heap after
{Heap after GC invocations=39 (full 4):
 garbage-first heap   total 66560K, used 24277K [0x0000000081c00000, 0x0000000100000000)
  region size 1024K, 0 young (0K), 0 survivors (0K)
 Metaspace       used 69345K, committed 70144K, reserved 1114112K
  class space    used 8965K, committed 9344K, reserved 1048576K
}
Event: 242.483 GC heap before
{Heap before GC invocations=39 (full 4):
 garbage-first heap   total 66560K, used 50901K [0x0000000081c00000, 0x0000000100000000)
  region size 1024K, 26 young (26624K), 0 survivors (0K)
 Metaspace       used 69443K, committed 70208K, reserved 1114112K
  class space    used 8968K, committed 9344K, reserved 1048576K
}
Event: 242.486 GC heap after
{Heap after GC invocations=40 (full 4):
 garbage-first heap   total 66560K, used 27017K [0x0000000081c00000, 0x0000000100000000)
  region size 1024K, 3 young (3072K), 3 survivors (3072K)
 Metaspace       used 69443K, committed 70208K, reserved 1114112K
  class space    used 8968K, committed 9344K, reserved 1048576K
}
Event: 242.887 GC heap before
{Heap before GC invocations=40 (full 4):
 garbage-first heap   total 66560K, used 49545K [0x0000000081c00000, 0x0000000100000000)
  region size 1024K, 26 young (26624K), 3 survivors (3072K)
 Metaspace       used 69725K, committed 70528K, reserved 1114112K
  class space    used 8979K, committed 9344K, reserved 1048576K
}
Event: 242.891 GC heap after
{Heap after GC invocations=41 (full 4):
 garbage-first heap   total 66560K, used 28884K [0x0000000081c00000, 0x0000000100000000)
  region size 1024K, 3 young (3072K), 3 survivors (3072K)
 Metaspace       used 69725K, committed 70528K, reserved 1114112K
  class space    used 8979K, committed 9344K, reserved 1048576K
}
Event: 328.420 GC heap before
{Heap before GC invocations=41 (full 4):
 garbage-first heap   total 66560K, used 36052K [0x0000000081c00000, 0x0000000100000000)
  region size 1024K, 11 young (11264K), 3 survivors (3072K)
 Metaspace       used 69772K, committed 70528K, reserved 1114112K
  class space    used 8979K, committed 9344K, reserved 1048576K
}
Event: 328.459 GC heap after
{Heap after GC invocations=42 (full 5):
 garbage-first heap   total 66560K, used 24453K [0x0000000081c00000, 0x0000000100000000)
  region size 1024K, 0 young (0K), 0 survivors (0K)
 Metaspace       used 69770K, committed 70528K, reserved 1114112K
  class space    used 8979K, committed 9344K, reserved 1048576K
}
Event: 328.755 GC heap before
{Heap before GC invocations=42 (full 5):
 garbage-first heap   total 66560K, used 49029K [0x0000000081c00000, 0x0000000100000000)
  region size 1024K, 25 young (25600K), 0 survivors (0K)
 Metaspace       used 69844K, committed 70592K, reserved 1114112K
  class space    used 8981K, committed 9344K, reserved 1048576K
}
Event: 328.757 GC heap after
{Heap after GC invocations=43 (full 5):
 garbage-first heap   total 66560K, used 27335K [0x0000000081c00000, 0x0000000100000000)
  region size 1024K, 3 young (3072K), 3 survivors (3072K)
 Metaspace       used 69844K, committed 70592K, reserved 1114112K
  class space    used 8981K, committed 9344K, reserved 1048576K
}
Event: 329.113 GC heap before
{Heap before GC invocations=43 (full 5):
 garbage-first heap   total 66560K, used 48839K [0x0000000081c00000, 0x0000000100000000)
  region size 1024K, 25 young (25600K), 3 survivors (3072K)
 Metaspace       used 70083K, committed 70848K, reserved 1114112K
  class space    used 8992K, committed 9344K, reserved 1048576K
}
Event: 329.117 GC heap after
{Heap after GC invocations=44 (full 5):
 garbage-first heap   total 66560K, used 28798K [0x0000000081c00000, 0x0000000100000000)
  region size 1024K, 2 young (2048K), 2 survivors (2048K)
 Metaspace       used 70083K, committed 70848K, reserved 1114112K
  class space    used 8992K, committed 9344K, reserved 1048576K
}
Event: 334.781 GC heap before
{Heap before GC invocations=44 (full 5):
 garbage-first heap   total 66560K, used 35966K [0x0000000081c00000, 0x0000000100000000)
  region size 1024K, 10 young (10240K), 2 survivors (2048K)
 Metaspace       used 70115K, committed 70848K, reserved 1114112K
  class space    used 8996K, committed 9344K, reserved 1048576K
}
Event: 334.826 GC heap after
{Heap after GC invocations=45 (full 6):
 garbage-first heap   total 66560K, used 24625K [0x0000000081c00000, 0x0000000100000000)
  region size 1024K, 0 young (0K), 0 survivors (0K)
 Metaspace       used 70113K, committed 70848K, reserved 1114112K
  class space    used 8995K, committed 9344K, reserved 1048576K
}
Event: 335.098 GC heap before
{Heap before GC invocations=45 (full 6):
 garbage-first heap   total 66560K, used 49201K [0x0000000081c00000, 0x0000000100000000)
  region size 1024K, 24 young (24576K), 0 survivors (0K)
 Metaspace       used 70174K, committed 70912K, reserved 1114112K
  class space    used 8998K, committed 9344K, reserved 1048576K
}
Event: 335.101 GC heap after
{Heap after GC invocations=46 (full 6):
 garbage-first heap   total 66560K, used 27244K [0x0000000081c00000, 0x0000000100000000)
  region size 1024K, 3 young (3072K), 3 survivors (3072K)
 Metaspace       used 70174K, committed 70912K, reserved 1114112K
  class space    used 8998K, committed 9344K, reserved 1048576K
}

